Build started 15/06/2015 18:32:35.
     1>Project "F:\MMB\TA\Software\FIX\HumanDetectionProject\HumanDetectionProject\HumanDetectionProject.vcxproj" on node 2 (Build target(s)).
     1>ClCompile:
         C:\Program Files (x86)\Microsoft Visual Studio 12.0\VC\bin\x86_amd64\CL.exe /c /IC:\opencv\build\include /IC:\opencv\build\include\opencv /IC:\opencv\build\include\opencv2 /AI"C:\Program Files (x86)\Reference Assemblies\Microsoft\Framework\.NETFramework\v4.5\\" /AI"C:\Program Files (x86)\Windows Kits\8.1\References\CommonConfiguration\Neutral" /AI"C:\Program Files (x86)\Reference Assemblies\Microsoft\Framework\.NETFramework\v4.5\Facades\\" /Zi /clr /nologo /W3 /WX- /Od /D WIN32 /D _DEBUG /D _UNICODE /D UNICODE /EHa /MDd /GS /fp:precise /Zc:wchar_t /Zc:forScope /Fo"x64\Debug\\" /Fd"x64\Debug\vc120.pdb" /TP /FU"C:\Program Files (x86)\Reference Assemblies\Microsoft\Framework\.NETFramework\v4.5\mscorlib.dll" /FU"C:\Program Files (x86)\Reference Assemblies\Microsoft\Framework\.NETFramework\v4.5\System.Data.dll" /FU"C:\Program Files (x86)\Reference Assemblies\Microsoft\Framework\.NETFramework\v4.5\System.dll" /FU"C:\Program Files (x86)\Reference Assemblies\Microsoft\Framework\.NETFramework\v4.5\System.Drawing.dll" /FU"C:\Program Files (x86)\Reference Assemblies\Microsoft\Framework\.NETFramework\v4.5\System.Windows.Forms.dll" /FU"C:\Program Files (x86)\Reference Assemblies\Microsoft\Framework\.NETFramework\v4.5\System.Xml.dll" /errorReport:prompt /clr:nostdlib MyForm.cpp
         MyForm.cpp
     1>f:\mmb\ta\software\fix\humandetectionproject\humandetectionproject\MyForm.h(186): warning C4244: 'argument' : conversion from 'double' to 'int', possible loss of data
     1>f:\mmb\ta\software\fix\humandetectionproject\humandetectionproject\MyForm.h(203): warning C4267: 'argument' : conversion from 'size_t' to 'int', possible loss of data
     1>f:\mmb\ta\software\fix\humandetectionproject\humandetectionproject\MyForm.h(204): warning C4244: 'argument' : conversion from 'int' to 'float', possible loss of data
     1>f:\mmb\ta\software\fix\humandetectionproject\humandetectionproject\MyForm.h(211): warning C4267: 'argument' : conversion from 'size_t' to 'int', possible loss of data
     1>f:\mmb\ta\software\fix\humandetectionproject\humandetectionproject\MyForm.h(212): warning C4244: 'argument' : conversion from 'int' to 'float', possible loss of data
     1>c:\opencv\build\include\opencv2\core\types_c.h(311): warning C4793: 'cvRound' : function compiled as native :
         	Found an intrinsic not supported in managed code
     1>c:\opencv\build\include\opencv2\core\types_c.h(311): warning C4793: 'cvRound' : function compiled as native :
         	Aligned data types not supported in managed code
     1>c:\opencv\build\include\opencv2\core\types_c.h(312): warning C4793: 'cvRound' : function compiled as native :
         	Found an intrinsic not supported in managed code
     1>c:\opencv\build\include\opencv2\core\types_c.h(312): warning C4793: 'cvRound' : function compiled as native :
         	Aligned data types not supported in managed code
     1>c:\opencv\build\include\opencv2\core\types_c.h(337): warning C4793: 'cvRound' : function compiled as native :
         	Aligned data types not supported in managed code
       Link:
         C:\Program Files (x86)\Microsoft Visual Studio 12.0\VC\bin\x86_amd64\link.exe /ERRORREPORT:PROMPT /OUT:"F:\MMB\TA\Software\FIX\HumanDetectionProject\x64\Debug\HumanDetectionProject.exe" /INCREMENTAL /NOLOGO /LIBPATH:C:\opencv\build\x64\vc12\lib opencv_calib3d2410d.lib opencv_contrib2410d.lib opencv_core2410d.lib opencv_features2d2410d.lib opencv_flann2410d.lib opencv_gpu2410d.lib opencv_highgui2410d.lib opencv_imgproc2410d.lib opencv_legacy2410d.lib opencv_ml2410d.lib opencv_nonfree2410d.lib opencv_objdetect2410d.lib opencv_ocl2410d.lib opencv_photo2410d.lib opencv_stitching2410d.lib opencv_superres2410d.lib opencv_ts2410d.lib opencv_video2410d.lib opencv_videostab2410d.lib kernel32.lib user32.lib gdi32.lib winspool.lib comdlg32.lib advapi32.lib shell32.lib ole32.lib oleaut32.lib uuid.lib odbc32.lib odbccp32.lib /ASSEMBLYRESOURCE:x64\Debug\HumanDetectionProject.MyForm.resources /MANIFEST /MANIFESTUAC:"level='asInvoker' uiAccess='false'" /manifest:embed /DEBUG /PDB:"F:\MMB\TA\Software\FIX\HumanDetectionProject\x64\Debug\HumanDetectionProject.pdb" /ASSEMBLYDEBUG /SUBSYSTEM:WINDOWS /TLBID:1 /ENTRY:"Main" /DYNAMICBASE /FIXED:NO /NXCOMPAT /MACHINE:X64 x64\Debug\MyForm.obj
         "x64\Debug\.NETFramework,Version=v4.5.AssemblyAttributes.obj"
     1>opencv_ts2410d.lib(ts_gtest.obj) : warning LNK4099: PDB 'opencv_ts2410d.pdb' was not found with 'opencv_ts2410d.lib(ts_gtest.obj)' or at 'F:\MMB\TA\Software\FIX\HumanDetectionProject\x64\Debug\opencv_ts2410d.pdb'; linking object as if no debug info
     1>opencv_ts2410d.lib(ts_perf.obj) : warning LNK4099: PDB 'opencv_ts2410d.pdb' was not found with 'opencv_ts2410d.lib(ts_perf.obj)' or at 'F:\MMB\TA\Software\FIX\HumanDetectionProject\x64\Debug\opencv_ts2410d.pdb'; linking object as if no debug info
     1>opencv_ts2410d.lib(opencv_ts_pch.obj) : warning LNK4099: PDB 'opencv_ts2410d.pdb' was not found with 'opencv_ts2410d.lib(opencv_ts_pch.obj)' or at 'F:\MMB\TA\Software\FIX\HumanDetectionProject\x64\Debug\opencv_ts2410d.pdb'; linking object as if no debug info
         HumanDetectionProject.vcxproj -> F:\MMB\TA\Software\FIX\HumanDetectionProject\x64\Debug\HumanDetectionProject.exe
     1>Done Building Project "F:\MMB\TA\Software\FIX\HumanDetectionProject\HumanDetectionProject\HumanDetectionProject.vcxproj" (Build target(s)).

Build succeeded.

Time Elapsed 00:00:04.06
